{"level":"info","message":"adasdasdas"}
{"level":"info","message":"annh tiep"}
{"level":"info","message":"adasdasdas"}
{"level":"info","message":"annh tiep 1"}
{"level":"info","message":"adasdasdas"}
{"level":"info","message":"annh tiep 1"}
{"level":"info","message":"adasdasdas"}
{"level":"info","message":"annh tiep 1"}
{"level":"info","message":"adasdasdas"}
{"level":"info","message":"annh tiep 1"}
{"level":"info","message":"adasdasdas"}
{"level":"info","message":"annh tiep 1"}
{"level":"info","message":"adasdasdas"}
{"level":"info","message":"annh tiep 1"}
{"level":"info","message":"adasdasdas"}
{"level":"info","message":"annh tiep 1"}
{"level":"info","message":"adasdasdas"}
{"level":"info","message":"annh tiep 1"}
{"level":"info","message":"adasdasdas"}
{"level":"info","message":"annh tiep 1"}
{"level":"info","message":"adasdasdas"}
{"level":"info","message":"annh tiep 1"}
{"level":"info","message":"adasdasdas"}
{"level":"info","message":"annh tiep 1"}
{"level":"info","message":"adasdasdas"}
{"level":"info","message":"annh tiep 1"}
{"level":"info","message":"adasdasdas"}
{"level":"info","message":"annh tiep 1"}
{"level":"info","message":"adasdasdas"}
{"level":"info","message":"annh tiep 1"}
{"level":"info","message":"adasdasdas"}
{"level":"info","message":"annh tiep 1"}
{"level":"info","message":"adasdasdas"}
{"level":"info","message":"annh tiep 1"}
{"level":"info","message":"adasdasdas"}
{"level":"info","message":"annh tiep 1"}
{"level":"info","message":"adasdasdas"}
{"level":"info","message":"annh tiep 1"}
{"level":"info","message":"adasdasdas"}
{"level":"info","message":"annh tiep 1"}
{"level":"info","message":"adasdasdas"}
{"level":"info","message":"annh tiep 1"}
{"level":"info","message":"adasdasdas"}
{"level":"info","message":"annh tiep 1"}
{"level":"info","message":"adasdasdas"}
{"level":"info","message":"annh tiep 1"}
{"level":"info","message":"adasdasdas"}
{"level":"info","message":"annh tiep 1"}
{"level":"info","message":"adasdasdas"}
{"level":"info","message":"annh tiep 1"}
{"level":"info","message":"adasdasdas"}
{"level":"info","message":"annh tiep 1"}
{"level":"info","message":"adasdasdas"}
{"level":"info","message":"annh tiep 1"}
{"level":"info","message":"adasdasdas"}
{"level":"info","message":"annh tiep 1"}
{"level":"info","message":"adasdasdas"}
{"level":"info","message":"annh tiep 1"}
{"level":"info","message":"adasdasdas"}
{"level":"info","message":"annh tiep 1"}
{"level":"info","message":"adasdasdas"}
{"level":"info","message":"annh tiep 1"}
{"level":"info","message":"adasdasdas"}
{"level":"info","message":"annh tiep 1"}
{"level":"info","message":"adasdasdas"}
{"level":"info","message":"annh tiep 1"}
{"level":"info","message":"adasdasdas"}
{"level":"info","message":"annh tiep 1"}
{"level":"info","message":"adasdasdas"}
{"level":"info","message":"annh tiep 1"}
{"level":"info","message":"adasdasdas"}
{"level":"info","message":"annh tiep 1"}
{"level":"info","message":"adasdasdas"}
{"level":"info","message":"annh tiep 1"}
{"level":"info","message":"adasdasdas"}
{"level":"info","message":"annh tiep 1"}
{"level":"info","message":"adasdasdas"}
{"level":"info","message":"annh tiep 1"}
{"level":"info","message":"adasdasdas"}
{"level":"info","message":"annh tiep 1"}
{"level":"info","message":"adasdasdas"}
{"level":"info","message":"annh tiep 1"}
{"level":"info","message":"adasdasdas"}
{"level":"info","message":"annh tiep 1"}
{"level":"info","message":"adasdasdas"}
{"level":"info","message":"annh tiep 1"}
{"level":"info","message":"adasdasdas"}
{"level":"info","message":"annh tiep 1"}
{"level":"info","message":"adasdasdas"}
{"level":"info","message":"annh tiep 1"}
{"level":"info","message":"adasdasdas"}
{"level":"info","message":"annh tiep 1"}
{"level":"info","message":"adasdasdas"}
{"context":"abc","level":"info","message":"annh tiep 1"}
{"context":"abc","level":"info","message":"adasdasdas"}
{"context":"abc","level":"info","message":"annh tiep 1"}
{"context":"abc","level":"info","message":"adasdasdas"}
{"context":"abc","level":"info","message":"annh tiep 1"}
{"context":"abc","level":"info","message":"adasdasdas"}
{"context":"abc","level":"info","message":"annh tiep 1"}
{"context":"abc","level":"info","message":"adasdasdas"}
{"context":"abc","level":"info","message":"annh tiep 1"}
{"context":"abc","level":"info","message":"adasdasdas"}
{"context":"abc","level":"info","message":"annh tiep 1"}
{"context":"abc","level":"info","message":"adasdasdas"}
{"context":"abc","level":"info","message":"annh tiep 1"}
{"context":"abc","level":"info","message":"adasdasdas"}
{"context":"abc","level":"info","message":"annh tiep 1"}
{"context":"abc","level":"info","message":"adasdasdas"}
{"context":"abc","level":"info","message":"annh tiep 1"}
{"context":"abc","level":"info","message":"adasdasdas"}
{"context":"abc","level":"info","message":"annh tiep 1"}
{"context":"abc","level":"info","message":"adasdasdas"}
{"context":"abc","level":"info","message":"annh tiep 1"}
{"context":"abc","level":"info","message":"adasdasdas"}
{"context":"abc","level":"info","message":"annh tiep 1"}
{"context":"abc","level":"info","message":"adasdasdas"}
{"context":"abc","level":"info","message":"annh tiep 1"}
{"context":"abc","level":"info","message":"adasdasdas"}
{"context":"abc","level":"info","message":"annh tiep 1"}
{"context":"abc","level":"info","message":"adasdasdas"}
{"context":"abc","level":"info","message":"annh tiep 1"}
{"context":"abc","level":"info","message":"adasdasdas"}
{"context":"abc","level":"info","message":"annh tiep 1"}
{"context":"abc","level":"info","message":"adasdasdas"}
{"context":"abc","level":"info","message":"annh tiep 1"}
{"context":"abc","level":"info","message":"adasdasdas"}
{"context":"abc","level":"info","message":"annh tiep 1"}
{"context":"abc","level":"info","message":"adasdasdas"}
{"context":"abc","level":"info","message":"annh tiep 1"}
{"context":"abc","level":"info","message":"adasdasdas"}
{"context":"abc","level":"info","message":"annh tiep 1"}
{"context":"abc","level":"info","message":"adasdasdas"}
